# JRE version: OpenJDK Runtime Environment (11.0.10) (build 11.0.10+0-b96-7249189)
# Java VM: OpenJDK 64-Bit Server VM (11.0.10+0-b96-7249189, mixed mode, tiered, compressed oops, g1 gc, windows-amd64)
Heap:
 garbage-first heap   total 332800K, used 159500K [0x00000000a0000000, 0x0000000100000000)
  region size 1024K, 37 young (37888K), 1 survivors (1024K)
 Metaspace       used 83376K, capacity 87249K, committed 87424K, reserved 1124352K
  class space    used 10938K, capacity 12108K, committed 12160K, reserved 1048576K
GC Heap History (20 events):
Event: 63.982 GC heap before
{Heap before GC invocations=46 (full 0):
 garbage-first heap   total 129024K, used 114041K [0x00000000a0000000, 0x0000000100000000)
  region size 1024K, 6 young (6144K), 1 survivors (1024K)
 Metaspace       used 79043K, capacity 82482K, committed 82560K, reserved 1120256K
  class space    used 10321K, capacity 11347K, committed 11392K, reserved 1048576K
}
Event: 63.987 GC heap after
{Heap after GC invocations=47 (full 0):
 garbage-first heap   total 129024K, used 109168K [0x00000000a0000000, 0x0000000100000000)
  region size 1024K, 1 young (1024K), 1 survivors (1024K)
 Metaspace       used 79043K, capacity 82482K, committed 82560K, reserved 1120256K
  class space    used 10321K, capacity 11347K, committed 11392K, reserved 1048576K
}
Event: 64.125 GC heap before
{Heap before GC invocations=47 (full 0):
 garbage-first heap   total 129024K, used 114288K [0x00000000a0000000, 0x0000000100000000)
  region size 1024K, 6 young (6144K), 1 survivors (1024K)
 Metaspace       used 79465K, capacity 82866K, committed 83200K, reserved 1120256K
  class space    used 10378K, capacity 11411K, committed 11520K, reserved 1048576K
}
Event: 64.132 GC heap after
{Heap after GC invocations=48 (full 0):
 garbage-first heap   total 129024K, used 109449K [0x00000000a0000000, 0x0000000100000000)
  region size 1024K, 1 young (1024K), 1 survivors (1024K)
 Metaspace       used 79465K, capacity 82866K, committed 83200K, reserved 1120256K
  class space    used 10378K, capacity 11411K, committed 11520K, reserved 1048576K
}
Event: 64.263 GC heap before
{Heap before GC invocations=48 (full 0):
 garbage-first heap   total 129024K, used 114569K [0x00000000a0000000, 0x0000000100000000)
  region size 1024K, 6 young (6144K), 1 survivors (1024K)
 Metaspace       used 79844K, capacity 83411K, committed 83456K, reserved 1122304K
  class space    used 10438K, capacity 11507K, committed 11520K, reserved 1048576K
}
Event: 64.270 GC heap after
{Heap after GC invocations=49 (full 0):
 garbage-first heap   total 129024K, used 109854K [0x00000000a0000000, 0x0000000100000000)
  region size 1024K, 1 young (1024K), 1 survivors (1024K)
 Metaspace       used 79844K, capacity 83411K, committed 83456K, reserved 1122304K
  class space    used 10438K, capacity 11507K, committed 11520K, reserved 1048576K
}
Event: 64.473 GC heap before
{Heap before GC invocations=50 (full 0):
 garbage-first heap   total 129024K, used 114974K [0x00000000a0000000, 0x0000000100000000)
  region size 1024K, 6 young (6144K), 1 survivors (1024K)
 Metaspace       used 80147K, capacity 83655K, committed 83840K, reserved 1122304K
  class space    used 10475K, capacity 11545K, committed 11648K, reserved 1048576K
}
Event: 64.476 GC heap after
{Heap after GC invocations=51 (full 0):
 garbage-first heap   total 129024K, used 110401K [0x00000000a0000000, 0x0000000100000000)
  region size 1024K, 1 young (1024K), 1 survivors (1024K)
 Metaspace       used 80147K, capacity 83655K, committed 83840K, reserved 1122304K
  class space    used 10475K, capacity 11545K, committed 11648K, reserved 1048576K
}
Event: 64.566 GC heap before
{Heap before GC invocations=51 (full 0):
 garbage-first heap   total 129024K, used 115521K [0x00000000a0000000, 0x0000000100000000)
  region size 1024K, 6 young (6144K), 1 survivors (1024K)
 Metaspace       used 80441K, capacity 83900K, committed 84096K, reserved 1122304K
  class space    used 10518K, capacity 11581K, committed 11648K, reserved 1048576K
}
Event: 64.573 GC heap after
{Heap after GC invocations=52 (full 0):
 garbage-first heap   total 129024K, used 110748K [0x00000000a0000000, 0x0000000100000000)
  region size 1024K, 1 young (1024K), 1 survivors (1024K)
 Metaspace       used 80441K, capacity 83900K, committed 84096K, reserved 1122304K
  class space    used 10518K, capacity 11581K, committed 11648K, reserved 1048576K
}
Event: 64.740 GC heap before
{Heap before GC invocations=52 (full 0):
 garbage-first heap   total 129024K, used 115868K [0x00000000a0000000, 0x0000000100000000)
  region size 1024K, 6 young (6144K), 1 survivors (1024K)
 Metaspace       used 80612K, capacity 84130K, committed 84352K, reserved 1122304K
  class space    used 10540K, capacity 11615K, committed 11648K, reserved 1048576K
}
Event: 64.748 GC heap after
{Heap after GC invocations=53 (full 0):
 garbage-first heap   total 175104K, used 111380K [0x00000000a0000000, 0x0000000100000000)
  region size 1024K, 1 young (1024K), 1 survivors (1024K)
 Metaspace       used 80612K, capacity 84130K, committed 84352K, reserved 1122304K
  class space    used 10540K, capacity 11615K, committed 11648K, reserved 1048576K
}
Event: 65.473 GC heap before
{Heap before GC invocations=54 (full 0):
 garbage-first heap   total 175104K, used 130836K [0x00000000a0000000, 0x0000000100000000)
  region size 1024K, 20 young (20480K), 1 survivors (1024K)
 Metaspace       used 81062K, capacity 84664K, committed 84992K, reserved 1122304K
  class space    used 10584K, capacity 11660K, committed 11776K, reserved 1048576K
}
Event: 65.496 GC heap after
{Heap after GC invocations=55 (full 0):
 garbage-first heap   total 175104K, used 116192K [0x00000000a0000000, 0x0000000100000000)
  region size 1024K, 3 young (3072K), 3 survivors (3072K)
 Metaspace       used 81062K, capacity 84664K, committed 84992K, reserved 1122304K
  class space    used 10584K, capacity 11660K, committed 11776K, reserved 1048576K
}
Event: 65.791 GC heap before
{Heap before GC invocations=55 (full 0):
 garbage-first heap   total 175104K, used 134624K [0x00000000a0000000, 0x0000000100000000)
  region size 1024K, 21 young (21504K), 3 survivors (3072K)
 Metaspace       used 81609K, capacity 85298K, committed 85504K, reserved 1122304K
  class space    used 10655K, capacity 11738K, committed 11776K, reserved 1048576K
}
Event: 65.812 GC heap after
{Heap after GC invocations=56 (full 0):
 garbage-first heap   total 175104K, used 119808K [0x00000000a0000000, 0x0000000100000000)
  region size 1024K, 3 young (3072K), 3 survivors (3072K)
 Metaspace       used 81609K, capacity 85298K, committed 85504K, reserved 1122304K
  class space    used 10655K, capacity 11738K, committed 11776K, reserved 1048576K
}
Event: 66.417 GC heap before
{Heap before GC invocations=57 (full 0):
 garbage-first heap   total 175104K, used 137216K [0x00000000a0000000, 0x0000000100000000)
  region size 1024K, 21 young (21504K), 3 survivors (3072K)
 Metaspace       used 82511K, capacity 86271K, committed 86528K, reserved 1124352K
  class space    used 10787K, capacity 11911K, committed 12032K, reserved 1048576K
}
Event: 66.440 GC heap after
{Heap after GC invocations=58 (full 0):
 garbage-first heap   total 175104K, used 122904K [0x00000000a0000000, 0x0000000100000000)
  region size 1024K, 3 young (3072K), 3 survivors (3072K)
 Metaspace       used 82511K, capacity 86271K, committed 86528K, reserved 1124352K
  class space    used 10787K, capacity 11911K, committed 12032K, reserved 1048576K
}
Event: 66.530 GC heap before
{Heap before GC invocations=58 (full 0):
 garbage-first heap   total 175104K, used 127000K [0x00000000a0000000, 0x0000000100000000)
  region size 1024K, 9 young (9216K), 3 survivors (3072K)
 Metaspace       used 82585K, capacity 86281K, committed 86528K, reserved 1124352K
  class space    used 10799K, capacity 11914K, committed 12032K, reserved 1048576K
}
Event: 66.542 GC heap after
{Heap after GC invocations=59 (full 0):
 garbage-first heap   total 332800K, used 123660K [0x00000000a0000000, 0x0000000100000000)
  region size 1024K, 1 young (1024K), 1 survivors (1024K)
 Metaspace       used 82585K, capacity 86281K, committed 86528K, reserved 1124352K
  class space    used 10799K, capacity 11914K, committed 12032K, reserved 1048576K
}

