# JRE version: OpenJDK Runtime Environment (11.0.10) (build 11.0.10+0-b96-7249189)
# Java VM: OpenJDK 64-Bit Server VM (11.0.10+0-b96-7249189, mixed mode, tiered, compressed oops, g1 gc, windows-amd64)
Heap:
 garbage-first heap   total 129024K, used 19952K [0x00000000a0000000, 0x0000000100000000)
  region size 1024K, 5 young (5120K), 5 survivors (5120K)
 Metaspace       used 31234K, capacity 31832K, committed 32000K, reserved 1085440K
  class space    used 4038K, capacity 4240K, committed 4352K, reserved 1048576K
GC Heap History (12 events):
Event: 1.075 GC heap before
{Heap before GC invocations=0 (full 0):
 garbage-first heap   total 129024K, used 19456K [0x00000000a0000000, 0x0000000100000000)
  region size 1024K, 14 young (14336K), 0 survivors (0K)
 Metaspace       used 7476K, capacity 7667K, committed 7936K, reserved 1056768K
  class space    used 688K, capacity 748K, committed 768K, reserved 1048576K
}
Event: 1.079 GC heap after
{Heap after GC invocations=1 (full 0):
 garbage-first heap   total 129024K, used 7832K [0x00000000a0000000, 0x0000000100000000)
  region size 1024K, 2 young (2048K), 2 survivors (2048K)
 Metaspace       used 7476K, capacity 7667K, committed 7936K, reserved 1056768K
  class space    used 688K, capacity 748K, committed 768K, reserved 1048576K
}
Event: 1.714 GC heap before
{Heap before GC invocations=1 (full 0):
 garbage-first heap   total 129024K, used 20120K [0x00000000a0000000, 0x0000000100000000)
  region size 1024K, 14 young (14336K), 2 survivors (2048K)
 Metaspace       used 10502K, capacity 10697K, committed 11008K, reserved 1058816K
  class space    used 1100K, capacity 1164K, committed 1280K, reserved 1048576K
}
Event: 1.717 GC heap after
{Heap after GC invocations=2 (full 0):
 garbage-first heap   total 129024K, used 8514K [0x00000000a0000000, 0x0000000100000000)
  region size 1024K, 1 young (1024K), 1 survivors (1024K)
 Metaspace       used 10502K, capacity 10697K, committed 11008K, reserved 1058816K
  class space    used 1100K, capacity 1164K, committed 1280K, reserved 1048576K
}
Event: 15.233 GC heap before
{Heap before GC invocations=2 (full 0):
 garbage-first heap   total 129024K, used 37186K [0x00000000a0000000, 0x0000000100000000)
  region size 1024K, 30 young (30720K), 1 survivors (1024K)
 Metaspace       used 10703K, capacity 10921K, committed 11008K, reserved 1058816K
  class space    used 1109K, capacity 1196K, committed 1280K, reserved 1048576K
}
Event: 15.236 GC heap after
{Heap after GC invocations=3 (full 0):
 garbage-first heap   total 129024K, used 12800K [0x00000000a0000000, 0x0000000100000000)
  region size 1024K, 4 young (4096K), 4 survivors (4096K)
 Metaspace       used 10703K, capacity 10921K, committed 11008K, reserved 1058816K
  class space    used 1109K, capacity 1196K, committed 1280K, reserved 1048576K
}
Event: 17.956 GC heap before
{Heap before GC invocations=3 (full 0):
 garbage-first heap   total 129024K, used 55808K [0x00000000a0000000, 0x0000000100000000)
  region size 1024K, 46 young (47104K), 4 survivors (4096K)
 Metaspace       used 19142K, capacity 19438K, committed 19712K, reserved 1067008K
  class space    used 2314K, capacity 2445K, committed 2560K, reserved 1048576K
}
Event: 17.967 GC heap after
{Heap after GC invocations=4 (full 0):
 garbage-first heap   total 129024K, used 15926K [0x00000000a0000000, 0x0000000100000000)
  region size 1024K, 3 young (3072K), 3 survivors (3072K)
 Metaspace       used 19142K, capacity 19438K, committed 19712K, reserved 1067008K
  class space    used 2314K, capacity 2445K, committed 2560K, reserved 1048576K
}
Event: 18.404 GC heap before
{Heap before GC invocations=4 (full 0):
 garbage-first heap   total 129024K, used 24118K [0x00000000a0000000, 0x0000000100000000)
  region size 1024K, 12 young (12288K), 3 survivors (3072K)
 Metaspace       used 20657K, capacity 21121K, committed 21248K, reserved 1067008K
  class space    used 2540K, capacity 2691K, committed 2816K, reserved 1048576K
}
Event: 18.410 GC heap after
{Heap after GC invocations=5 (full 0):
 garbage-first heap   total 129024K, used 16217K [0x00000000a0000000, 0x0000000100000000)
  region size 1024K, 4 young (4096K), 4 survivors (4096K)
 Metaspace       used 20657K, capacity 21121K, committed 21248K, reserved 1067008K
  class space    used 2540K, capacity 2691K, committed 2816K, reserved 1048576K
}
Event: 20.022 GC heap before
{Heap before GC invocations=6 (full 0):
 garbage-first heap   total 129024K, used 63321K [0x00000000a0000000, 0x0000000100000000)
  region size 1024K, 50 young (51200K), 4 survivors (4096K)
 Metaspace       used 25787K, capacity 26362K, committed 26624K, reserved 1073152K
  class space    used 3354K, capacity 3547K, committed 3584K, reserved 1048576K
}
Event: 20.031 GC heap after
{Heap after GC invocations=7 (full 0):
 garbage-first heap   total 129024K, used 18128K [0x00000000a0000000, 0x0000000100000000)
  region size 1024K, 5 young (5120K), 5 survivors (5120K)
 Metaspace       used 25787K, capacity 26362K, committed 26624K, reserved 1073152K
  class space    used 3354K, capacity 3547K, committed 3584K, reserved 1048576K
}

