# JRE version: Java(TM) SE Runtime Environment (8.0_321-b07) (build 1.8.0_321-b07)
# Java VM: Java HotSpot(TM) 64-Bit Server VM (25.321-b07 mixed mode windows-amd64 compressed oops)
Heap:
 PSYoungGen      total 222208K, used 32406K [0x00000000e0000000, 0x00000000f2400000, 0x0000000100000000)
  eden space 199168K, 6% used [0x00000000e0000000,0x00000000e0d68398,0x00000000ec280000)
  from space 23040K, 81% used [0x00000000ec280000,0x00000000ed4bd850,0x00000000ed900000)
  to   space 24576K, 0% used [0x00000000f0c00000,0x00000000f0c00000,0x00000000f2400000)
 ParOldGen       total 129536K, used 37942K [0x00000000a0000000, 0x00000000a7e80000, 0x00000000e0000000)
  object space 129536K, 29% used [0x00000000a0000000,0x00000000a250dab8,0x00000000a7e80000)
 Metaspace       used 63965K, capacity 67520K, committed 67584K, reserved 1107968K
  class space    used 8996K, capacity 9702K, committed 9728K, reserved 1048576K
GC Heap History (10 events):
Event: 8.800 GC heap before
{Heap before GC invocations=12 (full 2):
 PSYoungGen      total 138240K, used 126976K [0x00000000e0000000, 0x00000000ebb00000, 0x0000000100000000)
  eden space 126976K, 100% used [0x00000000e0000000,0x00000000e7c00000,0x00000000e7c00000)
  from space 11264K, 0% used [0x00000000e7c00000,0x00000000e7c00000,0x00000000e8700000)
  to   space 12800K, 0% used [0x00000000eae80000,0x00000000eae80000,0x00000000ebb00000)
 ParOldGen       total 83456K, used 18748K [0x00000000a0000000, 0x00000000a5180000, 0x00000000e0000000)
  object space 83456K, 22% used [0x00000000a0000000,0x00000000a124f0f8,0x00000000a5180000)
 Metaspace       used 38648K, capacity 40174K, committed 40448K, reserved 1083392K
  class space    used 5447K, capacity 5777K, committed 5888K, reserved 1048576K
Event: 8.824 GC heap after
Heap after GC invocations=12 (full 2):
 PSYoungGen      total 171520K, used 8552K [0x00000000e0000000, 0x00000000eb780000, 0x0000000100000000)
  eden space 162304K, 0% used [0x00000000e0000000,0x00000000e0000000,0x00000000e9e80000)
  from space 9216K, 92% used [0x00000000eae80000,0x00000000eb6da000,0x00000000eb780000)
  to   space 12800K, 0% used [0x00000000e9e80000,0x00000000e9e80000,0x00000000eab00000)
 ParOldGen       total 83456K, used 18756K [0x00000000a0000000, 0x00000000a5180000, 0x00000000e0000000)
  object space 83456K, 22% used [0x00000000a0000000,0x00000000a12510f8,0x00000000a5180000)
 Metaspace       used 38648K, capacity 40174K, committed 40448K, reserved 1083392K
  class space    used 5447K, capacity 5777K, committed 5888K, reserved 1048576K
}
Event: 11.551 GC heap before
{Heap before GC invocations=13 (full 2):
 PSYoungGen      total 171520K, used 170856K [0x00000000e0000000, 0x00000000eb780000, 0x0000000100000000)
  eden space 162304K, 100% used [0x00000000e0000000,0x00000000e9e80000,0x00000000e9e80000)
  from space 9216K, 92% used [0x00000000eae80000,0x00000000eb6da000,0x00000000eb780000)
  to   space 12800K, 0% used [0x00000000e9e80000,0x00000000e9e80000,0x00000000eab00000)
 ParOldGen       total 83456K, used 18756K [0x00000000a0000000, 0x00000000a5180000, 0x00000000e0000000)
  object space 83456K, 22% used [0x00000000a0000000,0x00000000a12510f8,0x00000000a5180000)
 Metaspace       used 52954K, capacity 55018K, committed 55040K, reserved 1097728K
  class space    used 7266K, capacity 7658K, committed 7680K, reserved 1048576K
Event: 11.578 GC heap after
Heap after GC invocations=13 (full 2):
 PSYoungGen      total 175104K, used 12775K [0x00000000e0000000, 0x00000000eea80000, 0x0000000100000000)
  eden space 162304K, 0% used [0x00000000e0000000,0x00000000e0000000,0x00000000e9e80000)
  from space 12800K, 99% used [0x00000000e9e80000,0x00000000eaaf9e38,0x00000000eab00000)
  to   space 17920K, 0% used [0x00000000ed900000,0x00000000ed900000,0x00000000eea80000)
 ParOldGen       total 83456K, used 28226K [0x00000000a0000000, 0x00000000a5180000, 0x00000000e0000000)
  object space 83456K, 33% used [0x00000000a0000000,0x00000000a1b90bb0,0x00000000a5180000)
 Metaspace       used 52954K, capacity 55018K, committed 55040K, reserved 1097728K
  class space    used 7266K, capacity 7658K, committed 7680K, reserved 1048576K
}
Event: 13.848 GC heap before
{Heap before GC invocations=14 (full 2):
 PSYoungGen      total 175104K, used 165138K [0x00000000e0000000, 0x00000000eea80000, 0x0000000100000000)
  eden space 162304K, 93% used [0x00000000e0000000,0x00000000e94cabd8,0x00000000e9e80000)
  from space 12800K, 99% used [0x00000000e9e80000,0x00000000eaaf9e38,0x00000000eab00000)
  to   space 17920K, 0% used [0x00000000ed900000,0x00000000ed900000,0x00000000eea80000)
 ParOldGen       total 83456K, used 28226K [0x00000000a0000000, 0x00000000a5180000, 0x00000000e0000000)
  object space 83456K, 33% used [0x00000000a0000000,0x00000000a1b90bb0,0x00000000a5180000)
 Metaspace       used 56453K, capacity 58880K, committed 59008K, reserved 1099776K
  class space    used 7766K, capacity 8248K, committed 8320K, reserved 1048576K
Event: 13.887 GC heap after
Heap after GC invocations=14 (full 2):
 PSYoungGen      total 217088K, used 17911K [0x00000000e0000000, 0x00000000ef480000, 0x0000000100000000)
  eden space 199168K, 0% used [0x00000000e0000000,0x00000000e0000000,0x00000000ec280000)
  from space 17920K, 99% used [0x00000000ed900000,0x00000000eea7dcb0,0x00000000eea80000)
  to   space 23040K, 0% used [0x00000000ec280000,0x00000000ec280000,0x00000000ed900000)
 ParOldGen       total 83456K, used 34489K [0x00000000a0000000, 0x00000000a5180000, 0x00000000e0000000)
  object space 83456K, 41% used [0x00000000a0000000,0x00000000a21ae5b8,0x00000000a5180000)
 Metaspace       used 56453K, capacity 58880K, committed 59008K, reserved 1099776K
  class space    used 7766K, capacity 8248K, committed 8320K, reserved 1048576K
}
Event: 13.887 GC heap before
{Heap before GC invocations=15 (full 3):
 PSYoungGen      total 217088K, used 17911K [0x00000000e0000000, 0x00000000ef480000, 0x0000000100000000)
  eden space 199168K, 0% used [0x00000000e0000000,0x00000000e0000000,0x00000000ec280000)
  from space 17920K, 99% used [0x00000000ed900000,0x00000000eea7dcb0,0x00000000eea80000)
  to   space 23040K, 0% used [0x00000000ec280000,0x00000000ec280000,0x00000000ed900000)
 ParOldGen       total 83456K, used 34489K [0x00000000a0000000, 0x00000000a5180000, 0x00000000e0000000)
  object space 83456K, 41% used [0x00000000a0000000,0x00000000a21ae5b8,0x00000000a5180000)
 Metaspace       used 56453K, capacity 58880K, committed 59008K, reserved 1099776K
  class space    used 7766K, capacity 8248K, committed 8320K, reserved 1048576K
Event: 14.112 GC heap after
Heap after GC invocations=15 (full 3):
 PSYoungGen      total 217088K, used 0K [0x00000000e0000000, 0x00000000ef480000, 0x0000000100000000)
  eden space 199168K, 0% used [0x00000000e0000000,0x00000000e0000000,0x00000000ec280000)
  from space 17920K, 0% used [0x00000000ed900000,0x00000000ed900000,0x00000000eea80000)
  to   space 23040K, 0% used [0x00000000ec280000,0x00000000ec280000,0x00000000ed900000)
 ParOldGen       total 129536K, used 37934K [0x00000000a0000000, 0x00000000a7e80000, 0x00000000e0000000)
  object space 129536K, 29% used [0x00000000a0000000,0x00000000a250bab8,0x00000000a7e80000)
 Metaspace       used 56453K, capacity 58880K, committed 59008K, reserved 1099776K
  class space    used 7766K, capacity 8248K, committed 8320K, reserved 1048576K
}
Event: 19.526 GC heap before
{Heap before GC invocations=16 (full 3):
 PSYoungGen      total 217088K, used 199168K [0x00000000e0000000, 0x00000000ef480000, 0x0000000100000000)
  eden space 199168K, 100% used [0x00000000e0000000,0x00000000ec280000,0x00000000ec280000)
  from space 17920K, 0% used [0x00000000ed900000,0x00000000ed900000,0x00000000eea80000)
  to   space 23040K, 0% used [0x00000000ec280000,0x00000000ec280000,0x00000000ed900000)
 ParOldGen       total 129536K, used 37934K [0x00000000a0000000, 0x00000000a7e80000, 0x00000000e0000000)
  object space 129536K, 29% used [0x00000000a0000000,0x00000000a250bab8,0x00000000a7e80000)
 Metaspace       used 63767K, capacity 67070K, committed 67328K, reserved 1107968K
  class space    used 8964K, capacity 9644K, committed 9728K, reserved 1048576K
Event: 19.662 GC heap after
Heap after GC invocations=16 (full 3):
 PSYoungGen      total 222208K, used 18678K [0x00000000e0000000, 0x00000000f2400000, 0x0000000100000000)
  eden space 199168K, 0% used [0x00000000e0000000,0x00000000e0000000,0x00000000ec280000)
  from space 23040K, 81% used [0x00000000ec280000,0x00000000ed4bd850,0x00000000ed900000)
  to   space 24576K, 0% used [0x00000000f0c00000,0x00000000f0c00000,0x00000000f2400000)
 ParOldGen       total 129536K, used 37942K [0x00000000a0000000, 0x00000000a7e80000, 0x00000000e0000000)
  object space 129536K, 29% used [0x00000000a0000000,0x00000000a250dab8,0x00000000a7e80000)
 Metaspace       used 63767K, capacity 67070K, committed 67328K, reserved 1107968K
  class space    used 8964K, capacity 9644K, committed 9728K, reserved 1048576K
}

