# JRE version: OpenJDK Runtime Environment (11.0.10) (build 11.0.10+0-b96-7249189)
# Java VM: OpenJDK 64-Bit Server VM (11.0.10+0-b96-7249189, mixed mode, tiered, compressed oops, g1 gc, windows-amd64)
Heap:
 garbage-first heap   total 155648K, used 120754K [0x00000000a0000000, 0x0000000100000000)
  region size 1024K, 8 young (8192K), 1 survivors (1024K)
 Metaspace       used 82585K, capacity 85940K, committed 86172K, reserved 1124352K
  class space    used 10848K, capacity 11905K, committed 12032K, reserved 1048576K
GC Heap History (20 events):
Event: 40.184 GC heap before
{Heap before GC invocations=36 (full 0):
 garbage-first heap   total 129024K, used 112378K [0x00000000a0000000, 0x0000000100000000)
  region size 1024K, 11 young (11264K), 2 survivors (2048K)
 Metaspace       used 79889K, capacity 82988K, committed 83100K, reserved 1120256K
  class space    used 10460K, capacity 11432K, committed 11520K, reserved 1048576K
}
Event: 40.190 GC heap after
{Heap after GC invocations=37 (full 0):
 garbage-first heap   total 129024K, used 103999K [0x00000000a0000000, 0x0000000100000000)
  region size 1024K, 2 young (2048K), 2 survivors (2048K)
 Metaspace       used 79889K, capacity 82988K, committed 83100K, reserved 1120256K
  class space    used 10460K, capacity 11432K, committed 11520K, reserved 1048576K
}
Event: 40.340 GC heap before
{Heap before GC invocations=37 (full 0):
 garbage-first heap   total 129024K, used 112191K [0x00000000a0000000, 0x0000000100000000)
  region size 1024K, 10 young (10240K), 2 survivors (2048K)
 Metaspace       used 80147K, capacity 83217K, committed 83356K, reserved 1122304K
  class space    used 10487K, capacity 11454K, committed 11520K, reserved 1048576K
}
Event: 40.349 GC heap after
{Heap after GC invocations=38 (full 0):
 garbage-first heap   total 129024K, used 105761K [0x00000000a0000000, 0x0000000100000000)
  region size 1024K, 2 young (2048K), 2 survivors (2048K)
 Metaspace       used 80147K, capacity 83217K, committed 83356K, reserved 1122304K
  class space    used 10487K, capacity 11454K, committed 11520K, reserved 1048576K
}
Event: 40.410 GC heap before
{Heap before GC invocations=39 (full 0):
 garbage-first heap   total 129024K, used 110881K [0x00000000a0000000, 0x0000000100000000)
  region size 1024K, 8 young (8192K), 2 survivors (2048K)
 Metaspace       used 80251K, capacity 83506K, committed 83612K, reserved 1122304K
  class space    used 10496K, capacity 11461K, committed 11520K, reserved 1048576K
}
Event: 40.416 GC heap after
{Heap after GC invocations=40 (full 0):
 garbage-first heap   total 129024K, used 107196K [0x00000000a0000000, 0x0000000100000000)
  region size 1024K, 1 young (1024K), 1 survivors (1024K)
 Metaspace       used 80251K, capacity 83506K, committed 83612K, reserved 1122304K
  class space    used 10496K, capacity 11461K, committed 11520K, reserved 1048576K
}
Event: 40.457 GC heap before
{Heap before GC invocations=40 (full 0):
 garbage-first heap   total 129024K, used 112316K [0x00000000a0000000, 0x0000000100000000)
  region size 1024K, 6 young (6144K), 1 survivors (1024K)
 Metaspace       used 80366K, capacity 83580K, committed 83868K, reserved 1122304K
  class space    used 10507K, capacity 11463K, committed 11520K, reserved 1048576K
}
Event: 40.461 GC heap after
{Heap after GC invocations=41 (full 0):
 garbage-first heap   total 129024K, used 108647K [0x00000000a0000000, 0x0000000100000000)
  region size 1024K, 1 young (1024K), 1 survivors (1024K)
 Metaspace       used 80366K, capacity 83580K, committed 83868K, reserved 1122304K
  class space    used 10507K, capacity 11463K, committed 11520K, reserved 1048576K
}
Event: 40.535 GC heap before
{Heap before GC invocations=41 (full 0):
 garbage-first heap   total 129024K, used 113767K [0x00000000a0000000, 0x0000000100000000)
  region size 1024K, 6 young (6144K), 1 survivors (1024K)
 Metaspace       used 80598K, capacity 83770K, committed 83868K, reserved 1122304K
  class space    used 10533K, capacity 11503K, committed 11520K, reserved 1048576K
}
Event: 40.539 GC heap after
{Heap after GC invocations=42 (full 0):
 garbage-first heap   total 129024K, used 109658K [0x00000000a0000000, 0x0000000100000000)
  region size 1024K, 1 young (1024K), 1 survivors (1024K)
 Metaspace       used 80598K, capacity 83770K, committed 83868K, reserved 1122304K
  class space    used 10533K, capacity 11503K, committed 11520K, reserved 1048576K
}
Event: 40.591 GC heap before
{Heap before GC invocations=42 (full 0):
 garbage-first heap   total 129024K, used 114778K [0x00000000a0000000, 0x0000000100000000)
  region size 1024K, 6 young (6144K), 1 survivors (1024K)
 Metaspace       used 80832K, capacity 84003K, committed 84252K, reserved 1122304K
  class space    used 10566K, capacity 11537K, committed 11648K, reserved 1048576K
}
Event: 40.593 GC heap after
{Heap after GC invocations=43 (full 0):
 garbage-first heap   total 129024K, used 110144K [0x00000000a0000000, 0x0000000100000000)
  region size 1024K, 1 young (1024K), 1 survivors (1024K)
 Metaspace       used 80832K, capacity 84003K, committed 84252K, reserved 1122304K
  class space    used 10566K, capacity 11537K, committed 11648K, reserved 1048576K
}
Event: 40.638 GC heap before
{Heap before GC invocations=43 (full 0):
 garbage-first heap   total 129024K, used 115264K [0x00000000a0000000, 0x0000000100000000)
  region size 1024K, 6 young (6144K), 1 survivors (1024K)
 Metaspace       used 80981K, capacity 84166K, committed 84508K, reserved 1122304K
  class space    used 10587K, capacity 11548K, committed 11648K, reserved 1048576K
}
Event: 40.642 GC heap after
{Heap after GC invocations=44 (full 0):
 garbage-first heap   total 155648K, used 110565K [0x00000000a0000000, 0x0000000100000000)
  region size 1024K, 1 young (1024K), 1 survivors (1024K)
 Metaspace       used 80981K, capacity 84166K, committed 84508K, reserved 1122304K
  class space    used 10587K, capacity 11548K, committed 11648K, reserved 1048576K
}
Event: 40.834 GC heap before
{Heap before GC invocations=45 (full 0):
 garbage-first heap   total 155648K, used 122853K [0x00000000a0000000, 0x0000000100000000)
  region size 1024K, 14 young (14336K), 1 survivors (1024K)
 Metaspace       used 81775K, capacity 85047K, committed 85148K, reserved 1122304K
  class space    used 10707K, capacity 11712K, committed 11776K, reserved 1048576K
}
Event: 40.840 GC heap after
{Heap after GC invocations=46 (full 0):
 garbage-first heap   total 155648K, used 112232K [0x00000000a0000000, 0x0000000100000000)
  region size 1024K, 2 young (2048K), 2 survivors (2048K)
 Metaspace       used 81775K, capacity 85047K, committed 85148K, reserved 1122304K
  class space    used 10707K, capacity 11712K, committed 11776K, reserved 1048576K
}
Event: 41.353 GC heap before
{Heap before GC invocations=46 (full 0):
 garbage-first heap   total 155648K, used 124520K [0x00000000a0000000, 0x0000000100000000)
  region size 1024K, 15 young (15360K), 2 survivors (2048K)
 Metaspace       used 82004K, capacity 85253K, committed 85404K, reserved 1122304K
  class space    used 10743K, capacity 11759K, committed 11776K, reserved 1048576K
}
Event: 41.359 GC heap after
{Heap after GC invocations=47 (full 0):
 garbage-first heap   total 155648K, used 113991K [0x00000000a0000000, 0x0000000100000000)
  region size 1024K, 2 young (2048K), 2 survivors (2048K)
 Metaspace       used 82004K, capacity 85253K, committed 85404K, reserved 1122304K
  class space    used 10743K, capacity 11759K, committed 11776K, reserved 1048576K
}
Event: 41.601 GC heap before
{Heap before GC invocations=47 (full 0):
 garbage-first heap   total 155648K, used 125255K [0x00000000a0000000, 0x0000000100000000)
  region size 1024K, 14 young (14336K), 2 survivors (2048K)
 Metaspace       used 82106K, capacity 85341K, committed 85404K, reserved 1122304K
  class space    used 10763K, capacity 11767K, committed 11776K, reserved 1048576K
}
Event: 41.605 GC heap after
{Heap after GC invocations=48 (full 0):
 garbage-first heap   total 155648K, used 114610K [0x00000000a0000000, 0x0000000100000000)
  region size 1024K, 1 young (1024K), 1 survivors (1024K)
 Metaspace       used 82106K, capacity 85341K, committed 85404K, reserved 1122304K
  class space    used 10763K, capacity 11767K, committed 11776K, reserved 1048576K
}

